<?xml version="1.0" encoding="UTF-8"?>
<!-- Generated by org.testng.reporters.JUnitReportReporter -->
<testsuite hostname="DESKTOP-M82LT7P" failures="0" tests="1" name="com.amazon.TC_AddtoCart_004" time="170.966" errors="0" timestamp="2023-10-18T18:47:51 IST" skipped="0">
  <testcase classname="com.amazon.TC_AddtoCart_004" name="buynow" time="170.966"/>
</testsuite> <!-- com.amazon.TC_AddtoCart_004 -->
