<?xml version="1.0" encoding="UTF-8"?>
<!-- Generated by org.testng.reporters.JUnitReportReporter -->
<testsuite hostname="DESKTOP-M82LT7P" failures="0" tests="1" name="com.amazon.TC_SearchforProduct_002" time="94.153" errors="0" timestamp="2023-10-18T18:42:25 IST" skipped="0">
  <testcase classname="com.amazon.TC_SearchforProduct_002" name="SearchforProduct" time="94.153"/>
</testsuite> <!-- com.amazon.TC_SearchforProduct_002 -->
