<?xml version="1.0" encoding="UTF-8"?>
<!-- Generated by org.testng.reporters.JUnitReportReporter -->
<testsuite hostname="DESKTOP-M82LT7P" failures="0" tests="1" name="com.amazon.TC_LoginTest_001" time="69.177" errors="0" timestamp="2023-10-18T18:28:47 IST" skipped="0">
  <testcase classname="com.amazon.TC_LoginTest_001" name="loginTest" time="69.177"/>
</testsuite> <!-- com.amazon.TC_LoginTest_001 -->
